<?xml version="1.0" encoding="UTF-8"?>
<testsuite xmlns:xsi="http://www.w3.org/2001/XMLSchema-instance" xsi:noNamespaceSchemaLocation="https://maven.apache.org/surefire/maven-surefire-plugin/xsd/surefire-test-report-3.0.xsd" version="3.0" name="com.Advocacia.ServiceTest.ClienteServiceTest" time="4.33" tests="8" errors="0" skipped="0" failures="0">
  <properties>
[...]
</properties>
  <testcase name="testDeleteCliente" classname="com.Advocacia.ServiceTest.ClienteServiceTest" time="4.117"/>
  <testcase name="testUpdateClienteNotFound" classname="com.Advocacia.ServiceTest.ClienteServiceTest" time="0.03"/>
  <testcase name="testFindByNome" classname="com.Advocacia.ServiceTest.ClienteServiceTest" time="0.01"/>
  <testcase name="testFindById" classname="com.Advocacia.ServiceTest.ClienteServiceTest" time="0.012"/>
  <testcase name="testSaveCliente" classname="com.Advocacia.ServiceTest.ClienteServiceTest" time="0.01"/>
  <testcase name="testFindAllAtivos" classname="com.Advocacia.ServiceTest.ClienteServiceTest" time="0.009"/>
  <testcase name="testUpdateCliente" classname="com.Advocacia.ServiceTest.ClienteServiceTest" time="0.011"/>
  <testcase name="testDeleteClienteNotFound" classname="com.Advocacia.ServiceTest.ClienteServiceTest" time="0.006"/>
</testsuite>