<?xml version="1.0" encoding="UTF-8"?>
<testsuite xmlns:xsi="http://www.w3.org/2001/XMLSchema-instance" xsi:noNamespaceSchemaLocation="https://maven.apache.org/surefire/maven-surefire-plugin/xsd/surefire-test-report-3.0.xsd" version="3.0" name="com.Advocacia.AdvocaciaApplicationTests" time="6.914" tests="1" errors="0" skipped="0" failures="0">
  <properties>
[...]
</properties>
  <testcase name="contextLoads" classname="com.Advocacia.AdvocaciaApplicationTests" time="0.327">
    <system-out><![CDATA[19:34:21.457 [main] INFO org.springframework.test.context.support.AnnotationConfigContextLoaderUtils -- Could not detect default configuration classes for test class [com.Advocacia.AdvocaciaApplicationTests]: AdvocaciaApplicationTests does not declare any static, non-private, non-final, nested classes annotated with @Configuration.
19:34:21.629 [main] INFO org.springframework.boot.test.context.SpringBootTestContextBootstrapper -- Found @SpringBootConfiguration com.Advocacia.AdvocaciaApplication for test class com.Advocacia.AdvocaciaApplicationTests

  .   ____          _            __ _ _
 /\\ / ___'_ __ _ _(_)_ __  __ _ \ \ \ \
( ( )\___ | '_ | '_| | '_ \/ _` | \ \ \ \
 \\/  ___)| |_)| | | | | || (_| |  ) ) ) )
  '  |____| .__|_| |_|_| |_\__, | / / / /
 =========|_|==============|___/=/_/_/_/

 :: Spring Boot ::                (v3.3.3)

2024-09-23T19:34:22.224-03:00  INFO 17168 --- [           main] c.Advocacia.AdvocaciaApplicationTests    : Starting AdvocaciaApplicationTests using Java 17.0.11 with PID 17168 (started by soare in C:\Users\soare\Documents\4PeriodoFacul\Facul_PI\Advocacia)
2024-09-23T19:34:22.224-03:00  INFO 17168 --- [           main] c.Advocacia.AdvocaciaApplicationTests    : No active profile set, falling back to 1 default profile: "default"
2024-09-23T19:34:23.184-03:00  INFO 17168 --- [           main] .s.d.r.c.RepositoryConfigurationDelegate : Bootstrapping Spring Data JPA repositories in DEFAULT mode.
2024-09-23T19:34:23.275-03:00  INFO 17168 --- [           main] .s.d.r.c.RepositoryConfigurationDelegate : Finished Spring Data repository scanning in 75 ms. Found 6 JPA repository interfaces.
2024-09-23T19:34:23.842-03:00  INFO 17168 --- [           main] o.hibernate.jpa.internal.util.LogHelper  : HHH000204: Processing PersistenceUnitInfo [name: default]
2024-09-23T19:34:23.905-03:00  INFO 17168 --- [           main] org.hibernate.Version                    : HHH000412: Hibernate ORM core version 6.5.2.Final
2024-09-23T19:34:23.952-03:00  INFO 17168 --- [           main] o.h.c.internal.RegionFactoryInitiator    : HHH000026: Second-level cache disabled
2024-09-23T19:34:24.391-03:00  INFO 17168 --- [           main] o.s.o.j.p.SpringPersistenceUnitInfo      : No LoadTimeWeaver setup: ignoring JPA class transformer
2024-09-23T19:34:24.422-03:00  INFO 17168 --- [           main] com.zaxxer.hikari.HikariDataSource       : HikariPool-1 - Starting...
2024-09-23T19:34:24.743-03:00  INFO 17168 --- [           main] com.zaxxer.hikari.pool.HikariPool        : HikariPool-1 - Added connection com.mysql.cj.jdbc.ConnectionImpl@6fe1a8f9
2024-09-23T19:34:24.751-03:00  INFO 17168 --- [           main] com.zaxxer.hikari.HikariDataSource       : HikariPool-1 - Start completed.
2024-09-23T19:34:24.798-03:00  WARN 17168 --- [           main] org.hibernate.orm.deprecation            : HHH90000025: MySQL8Dialect does not need to be specified explicitly using 'hibernate.dialect' (remove the property setting and it will be selected by default)
2024-09-23T19:34:24.798-03:00  WARN 17168 --- [           main] org.hibernate.orm.deprecation            : HHH90000026: MySQL8Dialect has been deprecated; use org.hibernate.dialect.MySQLDialect instead
2024-09-23T19:34:26.031-03:00  INFO 17168 --- [           main] o.h.e.t.j.p.i.JtaPlatformInitiator       : HHH000489: No JTA platform available (set 'hibernate.transaction.jta.platform' to enable JTA platform integration)
Hibernate: alter table cliente drop foreign key FK64nr9yt889by5lufr1boo5i4s
Hibernate: alter table cliente_telefone drop foreign key FK9mctflnsv94li2fjlvcskl8tu
Hibernate: alter table documentos_lista_documentos drop foreign key FKdpw9xb5y81hsbcyjajqfy9alc
Hibernate: alter table financeiro_historico_pagamentos drop foreign key FKeugks7b7u206b1mfopr73oqjf
Hibernate: alter table processo drop foreign key FKa41q3lwla2epn0nrcbslxsapx
Hibernate: alter table processo_documento drop foreign key FK3ed8q2o6307fkbhs308brsmj
Hibernate: alter table processo_documento drop foreign key FKowui81qevgpp0ur7bsr6hdwl
Hibernate: alter table processo_prazos_importantes drop foreign key FK9tfoeuu6bn69u1egxc99g0skw
Hibernate: drop table if exists cliente
Hibernate: drop table if exists cliente_telefone
Hibernate: drop table if exists contato
Hibernate: drop table if exists documentos
Hibernate: drop table if exists documentos_lista_documentos
Hibernate: drop table if exists endereco
Hibernate: drop table if exists financeiro
Hibernate: drop table if exists financeiro_historico_pagamentos
Hibernate: drop table if exists processo
Hibernate: drop table if exists processo_documento
Hibernate: drop table if exists processo_prazos_importantes
Hibernate: create table cliente (data_nascimento date, estado_civil tinyint not null, endereco_id bigint, id bigint not null auto_increment, cpf varchar(255), email varchar(255), nome varchar(255) not null, profissao varchar(255) not null, rg varchar(255) not null, primary key (id)) engine=InnoDB
Hibernate: create table cliente_telefone (cliente_id bigint not null, telefone varchar(255)) engine=InnoDB
Hibernate: create table contato (data_ultimo_contato date, id bigint not null auto_increment, meio_contato varchar(255) not null, notas_contato varchar(255) not null, proximo_passos varchar(255), primary key (id)) engine=InnoDB
Hibernate: create table documentos (data_recebimento date, id bigint not null auto_increment, observacao varchar(255), status_documento varchar(255) not null, primary key (id)) engine=InnoDB
Hibernate: create table documentos_lista_documentos (documentos_id bigint not null, lista_documentos varchar(255)) engine=InnoDB
Hibernate: create table endereco (id bigint not null auto_increment, bairro varchar(255) not null, cep varchar(255) not null, cidade varchar(255) not null, complemento varchar(255), logradouro varchar(255) not null, numero varchar(255) not null, uf varchar(255) not null, primary key (id)) engine=InnoDB
Hibernate: create table financeiro (data_vencimento_parcelas date, despesas_adicionais decimal(38,2), honorado decimal(38,2) not null, id bigint not null auto_increment, forma_pagamento varchar(255) not null, status_pagamento varchar(255) not null, primary key (id)) engine=InnoDB
Hibernate: create table financeiro_historico_pagamentos (historico_pagamentos date, financeiro_id bigint not null) engine=InnoDB
Hibernate: create table processo (data_inicio date, cliente_id bigint, id bigint not null auto_increment, andamento varchar(255) not null, area_atuacao varchar(255) not null, comarca varchar(255) not null, descricao varchar(255) not null, numero_processo varchar(255) not null, situacao_atual varchar(255) not null, tipo_cliente varchar(255) not null, primary key (id)) engine=InnoDB
Hibernate: create table processo_documento (documento_id bigint not null, processo_id bigint not null) engine=InnoDB
Hibernate: create table processo_prazos_importantes (prazos_importantes date, processo_id bigint not null) engine=InnoDB
Hibernate: alter table cliente add constraint UK7v21uy9djyl7hh9464kkjsjg0 unique (endereco_id)
Hibernate: alter table cliente add constraint FK64nr9yt889by5lufr1boo5i4s foreign key (endereco_id) references endereco (id)
Hibernate: alter table cliente_telefone add constraint FK9mctflnsv94li2fjlvcskl8tu foreign key (cliente_id) references cliente (id)
Hibernate: alter table documentos_lista_documentos add constraint FKdpw9xb5y81hsbcyjajqfy9alc foreign key (documentos_id) references documentos (id)
Hibernate: alter table financeiro_historico_pagamentos add constraint FKeugks7b7u206b1mfopr73oqjf foreign key (financeiro_id) references financeiro (id)
Hibernate: alter table processo add constraint FKa41q3lwla2epn0nrcbslxsapx foreign key (cliente_id) references cliente (id)
Hibernate: alter table processo_documento add constraint FK3ed8q2o6307fkbhs308brsmj foreign key (documento_id) references documentos (id)
Hibernate: alter table processo_documento add constraint FKowui81qevgpp0ur7bsr6hdwl foreign key (processo_id) references processo (id)
Hibernate: alter table processo_prazos_importantes add constraint FK9tfoeuu6bn69u1egxc99g0skw foreign key (processo_id) references processo (id)
2024-09-23T19:34:26.709-03:00  INFO 17168 --- [           main] j.LocalContainerEntityManagerFactoryBean : Initialized JPA EntityManagerFactory for persistence unit 'default'
2024-09-23T19:34:27.276-03:00  WARN 17168 --- [           main] JpaBaseConfiguration$JpaWebConfiguration : spring.jpa.open-in-view is enabled by default. Therefore, database queries may be performed during view rendering. Explicitly configure spring.jpa.open-in-view to disable this warning
2024-09-23T19:34:27.699-03:00  INFO 17168 --- [           main] c.Advocacia.AdvocaciaApplicationTests    : Started AdvocaciaApplicationTests in 5.758 seconds (process running for 7.379)
]]></system-out>
  </testcase>
</testsuite>